<?xml version="1.0" encoding="UTF-8"?>
<testsuite name="com.example.tiendaapp.data.OrderDaoTest" tests="1" skipped="0" failures="0" errors="0" timestamp="2025-11-29T14:03:55" hostname="VITOCO-PC" time="3.692">
  <properties/>
  <testcase name="insertAndQueryOrders" classname="com.example.tiendaapp.data.OrderDaoTest" time="3.692"/>
  <system-out><![CDATA[WARNING: No manifest file found at .\AndroidManifest.xml.
Falling back to the Android OS resources only.
To remove this warning, annotate your test class with @Config(manifest=Config.NONE).
]]></system-out>
  <system-err><![CDATA[No such manifest file: .\AndroidManifest.xml
]]></system-err>
</testsuite>
