<?xml version="1.0" encoding="UTF-8"?>
<testsuite name="com.example.tiendaapp.data.UserTest" tests="10" skipped="0" failures="0" errors="0" timestamp="2025-11-29T14:03:59" hostname="VITOCO-PC" time="0.002">
  <properties/>
  <testcase name="user creation with all fields should succeed" classname="com.example.tiendaapp.data.UserTest" time="0.002"/>
  <testcase name="users with different password hashes should not be equal" classname="com.example.tiendaapp.data.UserTest" time="0.0"/>
  <testcase name="user with long name should be valid" classname="com.example.tiendaapp.data.UserTest" time="0.0"/>
  <testcase name="user with auto-generated id defaults to zero" classname="com.example.tiendaapp.data.UserTest" time="0.0"/>
  <testcase name="users with different emails should not be equal" classname="com.example.tiendaapp.data.UserTest" time="0.0"/>
  <testcase name="user email with plus sign should be valid" classname="com.example.tiendaapp.data.UserTest" time="0.0"/>
  <testcase name="users with different ids should not be equal" classname="com.example.tiendaapp.data.UserTest" time="0.0"/>
  <testcase name="user equality should work correctly" classname="com.example.tiendaapp.data.UserTest" time="0.0"/>
  <testcase name="user email should be case-sensitive" classname="com.example.tiendaapp.data.UserTest" time="0.0"/>
  <testcase name="user with special characters in name should be valid" classname="com.example.tiendaapp.data.UserTest" time="0.0"/>
  <system-out><![CDATA[]]></system-out>
  <system-err><![CDATA[]]></system-err>
</testsuite>
