<?xml version="1.0" encoding="UTF-8"?>
<testsuite name="com.example.tiendaapp.data.ProductRepositoryTest" tests="12" skipped="0" failures="0" errors="0" timestamp="2025-11-29T14:03:59" hostname="VITOCO-PC" time="0.003">
  <properties/>
  <testcase name="all products should have valid image URLs or imageRes" classname="com.example.tiendaapp.data.ProductRepositoryTest" time="0.002"/>
  <testcase name="products with imageUrl should have valid HTTPS URLs" classname="com.example.tiendaapp.data.ProductRepositoryTest" time="0.0"/>
  <testcase name="all products should have positive prices" classname="com.example.tiendaapp.data.ProductRepositoryTest" time="0.0"/>
  <testcase name="second product should be Auriculares with correct data" classname="com.example.tiendaapp.data.ProductRepositoryTest" time="0.0"/>
  <testcase name="all products should have unique ids" classname="com.example.tiendaapp.data.ProductRepositoryTest" time="0.0"/>
  <testcase name="first product should be Cafetera with correct data" classname="com.example.tiendaapp.data.ProductRepositoryTest" time="0.0"/>
  <testcase name="third product should be Mochila with correct data" classname="com.example.tiendaapp.data.ProductRepositoryTest" time="0.0"/>
  <testcase name="all products should have non-empty descriptions" classname="com.example.tiendaapp.data.ProductRepositoryTest" time="0.001"/>
  <testcase name="fourth product should be Taza termica with correct data" classname="com.example.tiendaapp.data.ProductRepositoryTest" time="0.0"/>
  <testcase name="repository should be accessible as singleton" classname="com.example.tiendaapp.data.ProductRepositoryTest" time="0.0"/>
  <testcase name="all products should have non-empty names" classname="com.example.tiendaapp.data.ProductRepositoryTest" time="0.0"/>
  <testcase name="sampleProducts should contain 4 products" classname="com.example.tiendaapp.data.ProductRepositoryTest" time="0.0"/>
  <system-out><![CDATA[]]></system-out>
  <system-err><![CDATA[]]></system-err>
</testsuite>
